Library/Bee/Android/Prj/Mono2x/Gradle/launcher/build/intermediates/manifest_merge_blame_file/release/manifest-merger-blame-release-report.txt
1<?xml version="1.0" encoding="utf-8"?>
2<manifest xmlns:android="http://schemas.android.com/apk/res/android"
3    package="com.vv.RPGProject"
4    android:installLocation="preferExternal"
5    android:versionCode="1"
6    android:versionName="1.0" >
7
8    <uses-sdk
9        android:minSdkVersion="22"
9-->src\main\AndroidManifest.xml
10        android:targetSdkVersion="30" />
10-->src\main\AndroidManifest.xml
11
12    <supports-screens
12-->src\main\AndroidManifest.xml:3:3-163
13        android:anyDensity="true"
13-->src\main\AndroidManifest.xml:3:135-160
14        android:largeScreens="true"
14-->src\main\AndroidManifest.xml:3:78-105
15        android:normalScreens="true"
15-->src\main\AndroidManifest.xml:3:49-77
16        android:smallScreens="true"
16-->src\main\AndroidManifest.xml:3:21-48
17        android:xlargeScreens="true" />
17-->src\main\AndroidManifest.xml:3:106-134
18
19    <uses-permission android:name="android.permission.ACCESS_NETWORK_STATE" />
19-->src\main\AndroidManifest.xml:7:3-77
19-->src\main\AndroidManifest.xml:7:20-74
20    <uses-permission android:name="android.permission.INTERNET" />
20-->src\main\AndroidManifest.xml:8:3-65
20-->src\main\AndroidManifest.xml:8:20-62
21
22    <uses-feature android:glEsVersion="0x00020000" />
22-->[:unityLibrary] AndroidManifest.xml:12:5-54
22-->[:unityLibrary] AndroidManifest.xml:12:19-51
23    <uses-feature
23-->[:unityLibrary] AndroidManifest.xml:16:5-18:36
24        android:name="android.hardware.touchscreen"
24-->[:unityLibrary] AndroidManifest.xml:17:9-52
25        android:required="false" />
25-->[:unityLibrary] AndroidManifest.xml:18:9-33
26    <uses-feature
26-->[:unityLibrary] AndroidManifest.xml:19:5-21:36
27        android:name="android.hardware.touchscreen.multitouch"
27-->[:unityLibrary] AndroidManifest.xml:20:9-63
28        android:required="false" />
28-->[:unityLibrary] AndroidManifest.xml:21:9-33
29    <uses-feature
29-->[:unityLibrary] AndroidManifest.xml:22:5-24:36
30        android:name="android.hardware.touchscreen.multitouch.distinct"
30-->[:unityLibrary] AndroidManifest.xml:23:9-72
31        android:required="false" />
31-->[:unityLibrary] AndroidManifest.xml:24:9-33
32
33    <application
33-->src\main\AndroidManifest.xml:4:3-6:17
34        android:extractNativeLibs="true"
34-->[:unityLibrary] AndroidManifest.xml:26:18-50
35        android:icon="@mipmap/app_icon"
35-->src\main\AndroidManifest.xml:4:49-80
36        android:label="@string/app_name" >
36-->src\main\AndroidManifest.xml:4:16-48
37        <meta-data
37-->src\main\AndroidManifest.xml:5:5-79
38            android:name="unity.builder"
38-->src\main\AndroidManifest.xml:5:16-44
39            android:value="\12369624712010" />
39-->src\main\AndroidManifest.xml:5:45-76
40
41        <activity
41-->[:unityLibrary] AndroidManifest.xml:27:9-47:20
42            android:name="com.unity3d.player.UnityPlayerActivity"
42-->[:unityLibrary] AndroidManifest.xml:28:13-66
43            android:configChanges="mcc|mnc|locale|touchscreen|keyboard|keyboardHidden|navigation|orientation|screenLayout|uiMode|screenSize|smallestScreenSize|fontScale|layoutDirection|density"
43-->[:unityLibrary] AndroidManifest.xml:29:13-194
44            android:hardwareAccelerated="false"
44-->[:unityLibrary] AndroidManifest.xml:30:13-48
45            android:launchMode="singleTask"
45-->[:unityLibrary] AndroidManifest.xml:31:13-44
46            android:resizeableActivity="false"
46-->[:unityLibrary] AndroidManifest.xml:32:13-47
47            android:screenOrientation="fullSensor"
47-->[:unityLibrary] AndroidManifest.xml:33:13-51
48            android:theme="@style/UnityThemeSelector" >
48-->[:unityLibrary] AndroidManifest.xml:34:13-54
49            <intent-filter>
49-->[:unityLibrary] AndroidManifest.xml:35:13-39:29
50                <action android:name="android.intent.action.MAIN" />
50-->[:unityLibrary] AndroidManifest.xml:36:17-69
50-->[:unityLibrary] AndroidManifest.xml:36:25-66
51
52                <category android:name="android.intent.category.LAUNCHER" />
52-->[:unityLibrary] AndroidManifest.xml:38:17-77
52-->[:unityLibrary] AndroidManifest.xml:38:27-74
53            </intent-filter>
54
55            <meta-data
55-->[:unityLibrary] AndroidManifest.xml:41:13-43:40
56                android:name="unityplayer.UnityActivity"
56-->[:unityLibrary] AndroidManifest.xml:42:17-57
57                android:value="true" />
57-->[:unityLibrary] AndroidManifest.xml:43:17-37
58            <meta-data
58-->[:unityLibrary] AndroidManifest.xml:44:13-46:40
59                android:name="android.notch_support"
59-->[:unityLibrary] AndroidManifest.xml:45:17-53
60                android:value="true" />
60-->[:unityLibrary] AndroidManifest.xml:46:17-37
61        </activity>
62
63        <meta-data
63-->[:unityLibrary] AndroidManifest.xml:49:9-51:33
64            android:name="unity.splash-mode"
64-->[:unityLibrary] AndroidManifest.xml:50:13-45
65            android:value="0" />
65-->[:unityLibrary] AndroidManifest.xml:51:13-30
66        <meta-data
66-->[:unityLibrary] AndroidManifest.xml:52:9-54:36
67            android:name="unity.splash-enable"
67-->[:unityLibrary] AndroidManifest.xml:53:13-47
68            android:value="True" />
68-->[:unityLibrary] AndroidManifest.xml:54:13-33
69        <meta-data
69-->[:unityLibrary] AndroidManifest.xml:55:9-57:36
70            android:name="unity.launch-fullscreen"
70-->[:unityLibrary] AndroidManifest.xml:56:13-51
71            android:value="True" />
71-->[:unityLibrary] AndroidManifest.xml:57:13-33
72        <meta-data
72-->[:unityLibrary] AndroidManifest.xml:58:9-60:37
73            android:name="unity.allow-resizable-window"
73-->[:unityLibrary] AndroidManifest.xml:59:13-56
74            android:value="False" />
74-->[:unityLibrary] AndroidManifest.xml:60:13-34
75        <meta-data
75-->[:unityLibrary] AndroidManifest.xml:61:9-63:50
76            android:name="notch.config"
76-->[:unityLibrary] AndroidManifest.xml:62:13-40
77            android:value="portrait|landscape" />
77-->[:unityLibrary] AndroidManifest.xml:63:13-47
78    </application>
79
80</manifest>